<?xml version="1.0" encoding="UTF-8"?>
<!-- Generated by org.testng.reporters.JUnitReportReporter -->
<testsuite skipped="1" hostname="NODLTP52066174" name="Employeetestcasepackage.reqres" tests="4" failures="0" timestamp="2020-10-16T12:08:41 IST" time="0.036" errors="0">
  <testcase name="checkstatuscode" time="0.002" classname="Employeetestcasepackage.reqres"/>
  <system-out/>
  <testcase name="printheader" time="0.001" classname="Employeetestcasepackage.reqres"/>
  <system-out/>
  <testcase name="checkdata" time="0.033" classname="Employeetestcasepackage.reqres"/>
  <system-out/>
  <testcase name="checktime" classname="Employeetestcasepackage.reqres">
    <skipped/>
  </testcase> <!-- checktime -->
  <system-out/>
</testsuite> <!-- Employeetestcasepackage.reqres -->
