<?xml version="1.0" encoding="UTF-8"?>
<!-- Generated by org.testng.reporters.JUnitReportReporter -->
<testsuite skipped="0" hostname="NODLTP52066174" name="Employeetestcasepackage.xmlreq" tests="2" failures="0" timestamp="2020-10-13T14:15:13 IST" time="3.062" errors="0">
  <testcase name="buildRequest" time="2.484" classname="Employeetestcasepackage.xmlreq"/>
  <system-out/>
  <testcase name="validate" time="0.578" classname="Employeetestcasepackage.xmlreq"/>
  <system-out/>
</testsuite> <!-- Employeetestcasepackage.xmlreq -->
