<?xml version="1.0" encoding="UTF-8"?>
<!-- Generated by org.testng.reporters.JUnitReportReporter -->
<testsuite skipped="0" hostname="NODLTP52066174" name="Employeetestcasepackage.Derived" tests="2" failures="0" timestamp="2020-10-08T12:16:37 IST" time="0.076" errors="0">
  <testcase name="base" time="0.075" classname="Employeetestcasepackage.Derived"/>
  <system-out/>
  <testcase name="Derived" time="0.001" classname="Employeetestcasepackage.Derived"/>
  <system-out/>
</testsuite> <!-- Employeetestcasepackage.Derived -->
